distributed.nanny - INFO -         Start Nanny at: 'tcp://130.84.132.29:42476'
distributed.diskutils - INFO - Found stale lock file and directory '/gpfsdswork/projects/rech/yrf/rote001/git/perf-pangeo-deployments/notebooks/jean-zay/dask-worker-space/worker-wwdrl9at', purging
distributed.diskutils - INFO - Found stale lock file and directory '/gpfsdswork/projects/rech/yrf/rote001/git/perf-pangeo-deployments/notebooks/jean-zay/dask-worker-space/worker-diwcx35o', purging
distributed.worker - INFO -       Start worker at:  tcp://130.84.132.29:40510
distributed.worker - INFO -          Listening to:  tcp://130.84.132.29:40510
distributed.worker - INFO -          dashboard at:        130.84.132.29:38064
distributed.worker - INFO - Waiting to connect to:  tcp://130.84.132.27:35074
distributed.worker - INFO - -------------------------------------------------
distributed.worker - INFO -               Threads:                          1
distributed.worker - INFO -                Memory:                    1.50 TB
distributed.worker - INFO -       Local Directory: /gpfsdswork/projects/rech/yrf/rote001/git/perf-pangeo-deployments/notebooks/jean-zay/dask-worker-space/worker-2uwohgui
distributed.worker - INFO - -------------------------------------------------
distributed.worker - INFO -         Registered to:  tcp://130.84.132.27:35074
distributed.worker - INFO - -------------------------------------------------
distributed.core - INFO - Starting established connection
/gpfswork/rech/yrf/rote001/conda/perf-pangeo/lib/python3.6/site-packages/dask/array/numpy_compat.py:40: RuntimeWarning: invalid value encountered in true_divide
  x = np.divide(x1, x2, out)
distributed.utils_perf - INFO - full garbage collection released 110.58 MB from 1256 reference cycles (threshold: 10.00 MB)
distributed.worker - INFO - Connection to scheduler broken.  Reconnecting...
distributed.worker - INFO - Comm closed
distributed.worker - INFO - Comm closed
distributed.worker - INFO - Comm closed
distributed.worker - INFO - Comm closed
distributed.worker - INFO - Comm closed
distributed.worker - INFO - Comm closed
distributed.worker - INFO - Comm closed
distributed.worker - INFO - Comm closed
distributed.worker - INFO - Comm closed
distributed.worker - INFO - Comm closed
distributed.worker - INFO - Comm closed
distributed.worker - INFO - Comm closed
distributed.worker - INFO - Comm closed
distributed.worker - INFO - Comm closed
distributed.worker - INFO - Comm closed
distributed.worker - INFO - Comm closed
distributed.worker - INFO - Comm closed
distributed.worker - INFO - Comm closed
distributed.worker - INFO - Comm closed
distributed.worker - INFO - Comm closed
distributed.worker - INFO - Comm closed
distributed.worker - INFO - Comm closed
distributed.worker - INFO - Comm closed
distributed.worker - INFO - Comm closed
distributed.worker - INFO - Comm closed
distributed.worker - INFO - Comm closed
distributed.worker - INFO - Comm closed
distributed.worker - INFO - Comm closed
distributed.worker - INFO - Comm closed
distributed.worker - INFO - Comm closed
distributed.worker - INFO - Comm closed
distributed.worker - INFO - Comm closed
distributed.worker - INFO - Comm closed
distributed.worker - INFO - Comm closed
distributed.worker - INFO - Comm closed
distributed.worker - INFO - Comm closed
distributed.worker - INFO - Comm closed
distributed.worker - INFO - Comm closed
distributed.worker - INFO - Comm closed
distributed.worker - INFO - Comm closed
distributed.worker - INFO - Comm closed
distributed.worker - INFO - Comm closed
distributed.worker - INFO - Comm closed
distributed.worker - INFO - Comm closed
distributed.worker - INFO - Comm closed
distributed.worker - INFO - Comm closed
distributed.worker - INFO - Comm closed
distributed.worker - INFO - Comm closed
distributed.worker - INFO - Comm closed
distributed.worker - INFO - Comm closed
distributed.worker - INFO - Comm closed
distributed.worker - INFO - Comm closed
distributed.worker - INFO - Comm closed
distributed.worker - INFO - Comm closed
distributed.worker - INFO - Comm closed
distributed.worker - INFO - Comm closed
distributed.worker - INFO - Comm closed
distributed.worker - INFO - Comm closed
distributed.worker - INFO - Comm closed
distributed.worker - INFO - Comm closed
distributed.worker - INFO - Comm closed
distributed.worker - INFO - Stopping worker at tcp://130.84.132.29:40510
distributed.worker - INFO - Comm closed
distributed.nanny - INFO - Worker closed
distributed.nanny - INFO - Closing Nanny at 'tcp://130.84.132.29:42476'
distributed.dask_worker - INFO - End worker
