distributed.nanny - INFO -         Start Nanny at: 'tcp://130.84.132.27:46794'
distributed.diskutils - INFO - Found stale lock file and directory '/gpfsdswork/projects/rech/yrf/rote001/git/perf-pangeo-deployments/notebooks/jean-zay/dask-worker-space/worker-cyxyqpov', purging
distributed.diskutils - INFO - Found stale lock file and directory '/gpfsdswork/projects/rech/yrf/rote001/git/perf-pangeo-deployments/notebooks/jean-zay/dask-worker-space/worker-5nqfm_38', purging
distributed.diskutils - INFO - Found stale lock file and directory '/gpfsdswork/projects/rech/yrf/rote001/git/perf-pangeo-deployments/notebooks/jean-zay/dask-worker-space/worker-hlk6chyx', purging
distributed.diskutils - INFO - Found stale lock file and directory '/gpfsdswork/projects/rech/yrf/rote001/git/perf-pangeo-deployments/notebooks/jean-zay/dask-worker-space/worker-jt0obj93', purging
distributed.diskutils - INFO - Found stale lock file and directory '/gpfsdswork/projects/rech/yrf/rote001/git/perf-pangeo-deployments/notebooks/jean-zay/dask-worker-space/worker-7yrj_472', purging
distributed.diskutils - INFO - Found stale lock file and directory '/gpfsdswork/projects/rech/yrf/rote001/git/perf-pangeo-deployments/notebooks/jean-zay/dask-worker-space/worker-x_iilfo4', purging
distributed.diskutils - INFO - Found stale lock file and directory '/gpfsdswork/projects/rech/yrf/rote001/git/perf-pangeo-deployments/notebooks/jean-zay/dask-worker-space/worker-8huwyndf', purging
distributed.diskutils - INFO - Found stale lock file and directory '/gpfsdswork/projects/rech/yrf/rote001/git/perf-pangeo-deployments/notebooks/jean-zay/dask-worker-space/worker-o2gysmv4', purging
distributed.diskutils - INFO - Found stale lock file and directory '/gpfsdswork/projects/rech/yrf/rote001/git/perf-pangeo-deployments/notebooks/jean-zay/dask-worker-space/worker-g_jv3ka8', purging
distributed.diskutils - INFO - Found stale lock file and directory '/gpfsdswork/projects/rech/yrf/rote001/git/perf-pangeo-deployments/notebooks/jean-zay/dask-worker-space/worker-7xc67vdr', purging
distributed.diskutils - INFO - Found stale lock file and directory '/gpfsdswork/projects/rech/yrf/rote001/git/perf-pangeo-deployments/notebooks/jean-zay/dask-worker-space/worker-s69c3dd2', purging
distributed.diskutils - INFO - Found stale lock file and directory '/gpfsdswork/projects/rech/yrf/rote001/git/perf-pangeo-deployments/notebooks/jean-zay/dask-worker-space/worker-px18h7ez', purging
distributed.diskutils - INFO - Found stale lock file and directory '/gpfsdswork/projects/rech/yrf/rote001/git/perf-pangeo-deployments/notebooks/jean-zay/dask-worker-space/worker-zg425vrx', purging
distributed.diskutils - INFO - Found stale lock file and directory '/gpfsdswork/projects/rech/yrf/rote001/git/perf-pangeo-deployments/notebooks/jean-zay/dask-worker-space/worker-4cqbvsh9', purging
distributed.diskutils - INFO - Found stale lock file and directory '/gpfsdswork/projects/rech/yrf/rote001/git/perf-pangeo-deployments/notebooks/jean-zay/dask-worker-space/worker-ij04ppj3', purging
distributed.diskutils - INFO - Found stale lock file and directory '/gpfsdswork/projects/rech/yrf/rote001/git/perf-pangeo-deployments/notebooks/jean-zay/dask-worker-space/worker-htdq_f1n', purging
distributed.diskutils - INFO - Found stale lock file and directory '/gpfsdswork/projects/rech/yrf/rote001/git/perf-pangeo-deployments/notebooks/jean-zay/dask-worker-space/worker-9f4bfxn5', purging
distributed.diskutils - INFO - Found stale lock file and directory '/gpfsdswork/projects/rech/yrf/rote001/git/perf-pangeo-deployments/notebooks/jean-zay/dask-worker-space/worker-t7ozwnbg', purging
distributed.worker - INFO -       Start worker at:  tcp://130.84.132.27:42213
distributed.worker - INFO -          Listening to:  tcp://130.84.132.27:42213
distributed.worker - INFO -          dashboard at:        130.84.132.27:33403
distributed.worker - INFO - Waiting to connect to:    tcp://10.159.0.46:38433
distributed.worker - INFO - -------------------------------------------------
distributed.worker - INFO -               Threads:                          1
distributed.worker - INFO -                Memory:                  170.00 GB
distributed.worker - INFO -       Local Directory: /gpfsdswork/projects/rech/yrf/rote001/git/perf-pangeo-deployments/notebooks/jean-zay/dask-worker-space/worker-ijux3k3x
distributed.worker - INFO - -------------------------------------------------
slurmstepd: error: *** JOB 2125008 ON jean-zay-pp1 CANCELLED AT 2020-06-29T14:56:54 ***
